\BOOKMARK [0][-]{chapter.1}{\376\377\000P\000r\000e\000-\000L\000a\000b}{}% 1
\BOOKMARK [1][-]{section.1.1}{\376\377\000O\000b\000j\000e\000c\000t\000i\000v\000e\000s}{chapter.1}% 2
\BOOKMARK [1][-]{section.1.2}{\376\377\000M\000e\000t\000h\000o\000d\000o\000l\000o\000g\000y}{chapter.1}% 3
\BOOKMARK [0][-]{chapter.2}{\376\377\000L\000a\000b\000\040\000W\000o\000r\000k}{}% 4
\BOOKMARK [1][-]{section.2.1}{\376\377\000R\000e\000s\000u\000l\000t\000s}{chapter.2}% 5
\BOOKMARK [2][-]{subsection.2.1.1}{\376\377\000E\000x\000e\000r\000c\000i\000s\000e\000\040\0001\000\040\000C\000o\000d\000e}{section.2.1}% 6
\BOOKMARK [2][-]{subsection.2.1.2}{\376\377\000E\000x\000e\000r\000c\000i\000s\000e\000\040\0001\000\040\000O\000u\000t\000p\000u\000t\000s}{section.2.1}% 7
\BOOKMARK [2][-]{subsection.2.1.3}{\376\377\000E\000x\000e\000r\000c\000i\000s\000e\000\040\0002\000\040\000C\000o\000d\000e}{section.2.1}% 8
\BOOKMARK [2][-]{subsection.2.1.4}{\376\377\000E\000x\000e\000r\000c\000i\000s\000e\000\040\0002\000\040\000O\000u\000t\000p\000u\000t\000s}{section.2.1}% 9
\BOOKMARK [2][-]{subsection.2.1.5}{\376\377\000E\000x\000e\000r\000c\000i\000s\000e\000\040\0003\000\040\000C\000o\000d\000e}{section.2.1}% 10
\BOOKMARK [2][-]{subsection.2.1.6}{\376\377\000E\000x\000e\000r\000c\000i\000s\000e\000\040\0003\000\040\000O\000u\000t\000p\000u\000t\000s}{section.2.1}% 11
\BOOKMARK [2][-]{subsection.2.1.7}{\376\377\000E\000x\000e\000r\000c\000i\000s\000e\000\040\0004\000\040\000C\000o\000d\000e}{section.2.1}% 12
\BOOKMARK [2][-]{subsection.2.1.8}{\376\377\000E\000x\000e\000r\000c\000i\000s\000e\000\040\0004\000\040\000O\000u\000t\000p\000u\000t\000s}{section.2.1}% 13
\BOOKMARK [1][-]{section.2.2}{\376\377\000A\000n\000a\000l\000y\000s\000i\000s}{chapter.2}% 14
\BOOKMARK [2][-]{subsection.2.2.1}{\376\377\000E\000x\000e\000r\000c\000i\000s\000e\000\040\0001}{section.2.2}% 15
\BOOKMARK [2][-]{subsection.2.2.2}{\376\377\000E\000x\000e\000r\000c\000i\000s\000e\000\040\0002}{section.2.2}% 16
\BOOKMARK [2][-]{subsection.2.2.3}{\376\377\000E\000x\000e\000r\000c\000i\000s\000e\000\040\0003}{section.2.2}% 17
\BOOKMARK [2][-]{subsection.2.2.4}{\376\377\000E\000x\000e\000r\000c\000i\000s\000e\000\040\0004}{section.2.2}% 18
\BOOKMARK [0][-]{chapter.3}{\376\377\000C\000o\000n\000c\000l\000u\000s\000i\000o\000n}{}% 19
\BOOKMARK [1][-]{section.3.1}{\376\377\000S\000u\000m\000m\000a\000r\000y}{chapter.3}% 20
\BOOKMARK [1][-]{section.3.2}{\376\377\000R\000e\000f\000l\000e\000c\000t\000i\000o\000n}{chapter.3}% 21
